  Assembling function.asm...
function.asm(1): error A2008: syntax error : .
function.asm(2): error A2008: syntax error : .
function.asm(53): error A2070: invalid instruction operands
function.asm(65): error A2070: invalid instruction operands
function.asm(87): error A2070: invalid instruction operands
function.asm(99): error A2070: invalid instruction operands
function.asm(120): error A2070: invalid instruction operands
function.asm(132): error A2070: invalid instruction operands
function.asm(138): error A2070: invalid instruction operands
function.asm(139): error A2070: invalid instruction operands
function.asm(140): error A2070: invalid instruction operands
function.asm(149): error A2070: invalid instruction operands
function.asm(150): error A2070: invalid instruction operands
function.asm(151): error A2008: syntax error : printf
function.asm(152): error A2070: invalid instruction operands
function.asm(153): error A2070: invalid instruction operands
function.asm(159): error A2070: invalid instruction operands
function.asm(160): error A2070: invalid instruction operands
function.asm(161): error A2070: invalid instruction operands
D:\VS\ide\MSBuild\Microsoft\VC\v160\BuildCustomizations\masm.targets(70,5): error MSB3721: 命令“ml64.exe /c /nologo /Zi /Fo"x64\Debug\function.obj" /W3 /errorReport:prompt  /Tafunction.asm”已退出，返回代码为 1。
