  Assembling main.asm...
main.asm(1): error A2013: .MODEL must precede this directive
main.asm(2): error A2119: language type must be specified
main.asm(4): error A2034: must be in segment block
main.asm(5): error A2034: must be in segment block
main.asm(6): error A2034: must be in segment block
main.asm(7): error A2013: .MODEL must precede this directive
main.asm(9): error A2034: must be in segment block : start
main.asm(10): error A2034: must be in segment block
main.asm(11): error A2034: must be in segment block
main.asm(12): error A2034: must be in segment block
main.asm(13): error A2034: must be in segment block
main.asm(14): error A2034: must be in segment block
main.asm(15): error A2034: must be in segment block
main.asm(16): error A2034: must be in segment block
main.asm(18): error A2034: must be in segment block
main.asm(19): error A2034: must be in segment block
main.asm(20): error A2034: must be in segment block
main.asm(21): error A2034: must be in segment block
main.asm(22): error A2034: must be in segment block
main.asm(23): error A2034: must be in segment block
main.asm(24): error A2034: must be in segment block
main.asm(26): error A2034: must be in segment block
main.asm(27): error A2034: must be in segment block
main.asm(28): error A2034: must be in segment block
main.asm(29): fatal error A1010: unmatched block nesting : start
D:\VS\ide\MSBuild\Microsoft\VC\v160\BuildCustomizations\masm.targets(70,5): error MSB3721: 命令“ml.exe /c /nologo /Zi /Fo"Debug\main.obj" /W3 /errorReport:prompt  /Tamain.asm”已退出，返回代码为 1。
